Determining if the function sgemm_ exists failed with the following output:
Change Dir: /home/recklurker/home/recklurker/codes/High-Performance-Computing-2024/build/CMakeFiles/CMakeTmp

Run Build Command(s):/usr/bin/gmake -f Makefile cmTC_a79f0/fast && /usr/bin/gmake  -f CMakeFiles/cmTC_a79f0.dir/build.make CMakeFiles/cmTC_a79f0.dir/build
gmake[1]: Entering directory '/home/recklurker/home/recklurker/codes/High-Performance-Computing-2024/build/CMakeFiles/CMakeTmp'
Building C object CMakeFiles/cmTC_a79f0.dir/CheckFunctionExists.c.o
/usr/bin/cc   -DCHECK_FUNCTION_EXISTS=sgemm_ -o CMakeFiles/cmTC_a79f0.dir/CheckFunctionExists.c.o -c /usr/share/cmake-3.22/Modules/CheckFunctionExists.c
Linking C executable cmTC_a79f0
/usr/bin/cmake -E cmake_link_script CMakeFiles/cmTC_a79f0.dir/link.txt --verbose=1
/usr/bin/cc  -DCHECK_FUNCTION_EXISTS=sgemm_ CMakeFiles/cmTC_a79f0.dir/CheckFunctionExists.c.o -o cmTC_a79f0 
/usr/bin/ld: CMakeFiles/cmTC_a79f0.dir/CheckFunctionExists.c.o: in function `main':
CheckFunctionExists.c:(.text+0x14): undefined reference to `sgemm_'
collect2: error: ld returned 1 exit status
gmake[1]: *** [CMakeFiles/cmTC_a79f0.dir/build.make:99: cmTC_a79f0] Error 1
gmake[1]: Leaving directory '/home/recklurker/home/recklurker/codes/High-Performance-Computing-2024/build/CMakeFiles/CMakeTmp'
gmake: *** [Makefile:127: cmTC_a79f0/fast] Error 2



Determining if the function cheev_ exists failed with the following output:
Change Dir: /home/recklurker/home/recklurker/codes/High-Performance-Computing-2024/build/CMakeFiles/CMakeTmp

Run Build Command(s):/usr/bin/gmake -f Makefile cmTC_939fb/fast && /usr/bin/gmake  -f CMakeFiles/cmTC_939fb.dir/build.make CMakeFiles/cmTC_939fb.dir/build
gmake[1]: Entering directory '/home/recklurker/home/recklurker/codes/High-Performance-Computing-2024/build/CMakeFiles/CMakeTmp'
Building C object CMakeFiles/cmTC_939fb.dir/CheckFunctionExists.c.o
/usr/bin/cc   -DCHECK_FUNCTION_EXISTS=cheev_ -o CMakeFiles/cmTC_939fb.dir/CheckFunctionExists.c.o -c /usr/share/cmake-3.22/Modules/CheckFunctionExists.c
Linking C executable cmTC_939fb
/usr/bin/cmake -E cmake_link_script CMakeFiles/cmTC_939fb.dir/link.txt --verbose=1
/usr/bin/cc  -DCHECK_FUNCTION_EXISTS=cheev_ CMakeFiles/cmTC_939fb.dir/CheckFunctionExists.c.o -o cmTC_939fb  /usr/local/lib/libopenblas.a -lm -ldl 
/usr/bin/ld: /usr/local/lib/libopenblas.a(ilaenv.f.o): in function `ilaenv_':
ilaenv.f:(.text+0x8c2): undefined reference to `_gfortran_compare_string'
/usr/bin/ld: ilaenv.f:(.text+0x157b): undefined reference to `_gfortran_compare_string'
/usr/bin/ld: ilaenv.f:(.text+0x1d3f): undefined reference to `_gfortran_compare_string'
collect2: error: ld returned 1 exit status
gmake[1]: *** [CMakeFiles/cmTC_939fb.dir/build.make:100: cmTC_939fb] Error 1
gmake[1]: Leaving directory '/home/recklurker/home/recklurker/codes/High-Performance-Computing-2024/build/CMakeFiles/CMakeTmp'
gmake: *** [Makefile:127: cmTC_939fb/fast] Error 2



Determining if the function cheev_ exists failed with the following output:
Change Dir: /home/recklurker/home/recklurker/codes/High-Performance-Computing-2024/build/CMakeFiles/CMakeTmp

Run Build Command(s):/usr/bin/gmake -f Makefile cmTC_f7c4b/fast && /usr/bin/gmake  -f CMakeFiles/cmTC_f7c4b.dir/build.make CMakeFiles/cmTC_f7c4b.dir/build
gmake[1]: Entering directory '/home/recklurker/home/recklurker/codes/High-Performance-Computing-2024/build/CMakeFiles/CMakeTmp'
Building C object CMakeFiles/cmTC_f7c4b.dir/CheckFunctionExists.c.o
/usr/bin/cc   -DCHECK_FUNCTION_EXISTS=cheev_ -o CMakeFiles/cmTC_f7c4b.dir/CheckFunctionExists.c.o -c /usr/share/cmake-3.22/Modules/CheckFunctionExists.c
Linking C executable cmTC_f7c4b
/usr/bin/cmake -E cmake_link_script CMakeFiles/cmTC_f7c4b.dir/link.txt --verbose=1
/usr/bin/cc  -DCHECK_FUNCTION_EXISTS=cheev_ CMakeFiles/cmTC_f7c4b.dir/CheckFunctionExists.c.o -o cmTC_f7c4b  /usr/local/lib/libopenblas.a /usr/local/lib/libopenblas.a 
/usr/bin/ld: /usr/local/lib/libopenblas.a(clanhe.f.o): in function `clanhe_':
clanhe.f:(.text+0x146): undefined reference to `cabsf'
/usr/bin/ld: clanhe.f:(.text+0x2ca): undefined reference to `cabsf'
/usr/bin/ld: clanhe.f:(.text+0x428): undefined reference to `cabsf'
/usr/bin/ld: clanhe.f:(.text+0x63b): undefined reference to `cabsf'
/usr/bin/ld: /usr/local/lib/libopenblas.a(chemv_thread_U.c.o): in function `chemv_thread_U':
chemv_thread_U.c:(.text+0x2a2): undefined reference to `sqrt'
/usr/bin/ld: /usr/local/lib/libopenblas.a(chemv_thread_L.c.o): in function `chemv_thread_L':
chemv_thread_L.c:(.text+0x32f): undefined reference to `sqrt'
/usr/bin/ld: /usr/local/lib/libopenblas.a(chemv_thread_V.c.o): in function `chemv_thread_V':
chemv_thread_V.c:(.text+0x2a2): undefined reference to `sqrt'
/usr/bin/ld: /usr/local/lib/libopenblas.a(chemv_thread_M.c.o): in function `chemv_thread_M':
chemv_thread_M.c:(.text+0x32f): undefined reference to `sqrt'
/usr/bin/ld: /usr/local/lib/libopenblas.a(syrk_thread.c.o): in function `syrk_thread':
syrk_thread.c:(.text+0x240): undefined reference to `sqrt'
/usr/bin/ld: /usr/local/lib/libopenblas.a(syrk_thread.c.o):syrk_thread.c:(.text+0x63a): more undefined references to `sqrt' follow
/usr/bin/ld: /usr/local/lib/libopenblas.a(ilaenv.f.o): in function `ilaenv_':
ilaenv.f:(.text+0x8c2): undefined reference to `_gfortran_compare_string'
/usr/bin/ld: ilaenv.f:(.text+0x157b): undefined reference to `_gfortran_compare_string'
/usr/bin/ld: ilaenv.f:(.text+0x1d3f): undefined reference to `_gfortran_compare_string'
/usr/bin/ld: /usr/local/lib/libopenblas.a(iparmq.f.o): in function `iparmq_':
iparmq.f:(.text+0xcf): undefined reference to `logf'
/usr/bin/ld: iparmq.f:(.text+0xf0): undefined reference to `lroundf'
/usr/bin/ld: /usr/local/lib/libopenblas.a(cher2_thread_U.c.o): in function `cher2_thread_U':
cher2_thread_U.c:(.text+0x573): undefined reference to `sqrt'
/usr/bin/ld: /usr/local/lib/libopenblas.a(cher2_thread_L.c.o): in function `cher2_thread_L':
cher2_thread_L.c:(.text+0x612): undefined reference to `sqrt'
/usr/bin/ld: /usr/local/lib/libopenblas.a(cher2_thread_V.c.o): in function `cher2_thread_V':
cher2_thread_V.c:(.text+0x573): undefined reference to `sqrt'
/usr/bin/ld: /usr/local/lib/libopenblas.a(cher2_thread_M.c.o): in function `cher2_thread_M':
cher2_thread_M.c:(.text+0x612): undefined reference to `sqrt'
/usr/bin/ld: /usr/local/lib/libopenblas.a(ctrmv_thread_NUN.c.o): in function `ctrmv_thread_NUN':
ctrmv_thread_NUN.c:(.text+0x56b): undefined reference to `sqrt'
/usr/bin/ld: /usr/local/lib/libopenblas.a(ctrmv_thread_NLN.c.o):ctrmv_thread_NLN.c:(.text+0x60e): more undefined references to `sqrt' follow
collect2: error: ld returned 1 exit status
gmake[1]: *** [CMakeFiles/cmTC_f7c4b.dir/build.make:101: cmTC_f7c4b] Error 1
gmake[1]: Leaving directory '/home/recklurker/home/recklurker/codes/High-Performance-Computing-2024/build/CMakeFiles/CMakeTmp'
gmake: *** [Makefile:127: cmTC_f7c4b/fast] Error 2



Determining if the function cheev_ exists failed with the following output:
Change Dir: /home/recklurker/home/recklurker/codes/High-Performance-Computing-2024/build/CMakeFiles/CMakeTmp

Run Build Command(s):/usr/bin/gmake -f Makefile cmTC_70f7c/fast && /usr/bin/gmake  -f CMakeFiles/cmTC_70f7c.dir/build.make CMakeFiles/cmTC_70f7c.dir/build
gmake[1]: Entering directory '/home/recklurker/home/recklurker/codes/High-Performance-Computing-2024/build/CMakeFiles/CMakeTmp'
Building C object CMakeFiles/cmTC_70f7c.dir/CheckFunctionExists.c.o
/usr/bin/cc   -DCHECK_FUNCTION_EXISTS=cheev_ -o CMakeFiles/cmTC_70f7c.dir/CheckFunctionExists.c.o -c /usr/share/cmake-3.22/Modules/CheckFunctionExists.c
Linking C executable cmTC_70f7c
/usr/bin/cmake -E cmake_link_script CMakeFiles/cmTC_70f7c.dir/link.txt --verbose=1
/usr/bin/cc  -DCHECK_FUNCTION_EXISTS=cheev_ CMakeFiles/cmTC_70f7c.dir/CheckFunctionExists.c.o -o cmTC_70f7c  /usr/lib/x86_64-linux-gnu/liblapack.so /usr/local/lib/libopenblas.a -fortranlibs 
cc: error: unrecognized command-line option ‘-fortranlibs’
gmake[1]: *** [CMakeFiles/cmTC_70f7c.dir/build.make:101: cmTC_70f7c] Error 1
gmake[1]: Leaving directory '/home/recklurker/home/recklurker/codes/High-Performance-Computing-2024/build/CMakeFiles/CMakeTmp'
gmake: *** [Makefile:127: cmTC_70f7c/fast] Error 2



Determining if the function cheev_ exists failed with the following output:
Change Dir: /home/recklurker/home/recklurker/codes/High-Performance-Computing-2024/build/CMakeFiles/CMakeTmp

Run Build Command(s):/usr/bin/gmake -f Makefile cmTC_d51d1/fast && /usr/bin/gmake  -f CMakeFiles/cmTC_d51d1.dir/build.make CMakeFiles/cmTC_d51d1.dir/build
gmake[1]: Entering directory '/home/recklurker/home/recklurker/codes/High-Performance-Computing-2024/build/CMakeFiles/CMakeTmp'
Building C object CMakeFiles/cmTC_d51d1.dir/CheckFunctionExists.c.o
/usr/bin/cc   -DCHECK_FUNCTION_EXISTS=cheev_ -o CMakeFiles/cmTC_d51d1.dir/CheckFunctionExists.c.o -c /usr/share/cmake-3.22/Modules/CheckFunctionExists.c
Linking C executable cmTC_d51d1
/usr/bin/cmake -E cmake_link_script CMakeFiles/cmTC_d51d1.dir/link.txt --verbose=1
/usr/bin/cc  -DCHECK_FUNCTION_EXISTS=cheev_ CMakeFiles/cmTC_d51d1.dir/CheckFunctionExists.c.o -o cmTC_d51d1  /usr/lib/x86_64-linux-gnu/liblapack.so /usr/local/lib/libopenblas.a 
/usr/bin/ld: /usr/local/lib/libopenblas.a(strmv_thread_NUN.c.o): undefined reference to symbol 'sqrt@@GLIBC_2.2.5'
/usr/bin/ld: /usr/lib/x86_64-linux-gnu/libm.so.6: error adding symbols: DSO missing from command line
collect2: error: ld returned 1 exit status
gmake[1]: *** [CMakeFiles/cmTC_d51d1.dir/build.make:101: cmTC_d51d1] Error 1
gmake[1]: Leaving directory '/home/recklurker/home/recklurker/codes/High-Performance-Computing-2024/build/CMakeFiles/CMakeTmp'
gmake: *** [Makefile:127: cmTC_d51d1/fast] Error 2



